This is pdfTeX, Version 3.14159265-2.6-1.40.21 (TeX Live 2020/Arch Linux) (preloaded format=pdflatex 2020.10.12)  25 NOV 2020 17:19
entering extended mode
 restricted \write18 enabled.
 file:line:error style messages enabled.
 %&-line parsing enabled.
**main.tex
(./main.tex
LaTeX2e <2020-02-02> patch level 5
L3 programming layer <2020-06-03> (/usr/share/texmf-dist/tex/latex/base/article.cls
Document Class: article 2019/12/20 v1.4l Standard LaTeX document class
(/usr/share/texmf-dist/tex/latex/base/size11.clo
File: size11.clo 2019/12/20 v1.4l Standard LaTeX file (size option)
)
\c@part=\count167
\c@section=\count168
\c@subsection=\count169
\c@subsubsection=\count170
\c@paragraph=\count171
\c@subparagraph=\count172
\c@figure=\count173
\c@table=\count174
\abovecaptionskip=\skip47
\belowcaptionskip=\skip48
\bibindent=\dimen134
) (/usr/share/texmf-dist/tex/latex/geometry/geometry.sty
Package: geometry 2020/01/02 v5.9 Page Geometry
 (/usr/share/texmf-dist/tex/latex/graphics/keyval.sty
Package: keyval 2014/10/28 v1.15 key=value parser (DPC)
\KV@toks@=\toks15
) (/usr/share/texmf-dist/tex/generic/iftex/ifvtex.sty
Package: ifvtex 2019/10/25 v1.7 ifvtex legacy package. Use iftex instead.
 (/usr/share/texmf-dist/tex/generic/iftex/iftex.sty
Package: iftex 2020/03/06 v1.0d TeX engine tests
))
\Gm@cnth=\count175
\Gm@cntv=\count176
\c@Gm@tempcnt=\count177
\Gm@bindingoffset=\dimen135
\Gm@wd@mp=\dimen136
\Gm@odd@mp=\dimen137
\Gm@even@mp=\dimen138
\Gm@layoutwidth=\dimen139
\Gm@layoutheight=\dimen140
\Gm@layouthoffset=\dimen141
\Gm@layoutvoffset=\dimen142
\Gm@dimlist=\toks16
) (/usr/share/texmf-dist/tex/latex/graphics/graphicx.sty
Package: graphicx 2019/11/30 v1.2a Enhanced LaTeX Graphics (DPC,SPQR)
 (/usr/share/texmf-dist/tex/latex/graphics/graphics.sty
Package: graphics 2019/11/30 v1.4a Standard LaTeX Graphics (DPC,SPQR)
 (/usr/share/texmf-dist/tex/latex/graphics/trig.sty
Package: trig 2016/01/03 v1.10 sin cos tan (DPC)
) (/usr/share/texmf-dist/tex/latex/graphics-cfg/graphics.cfg
File: graphics.cfg 2016/06/04 v1.11 sample graphics configuration
)
Package graphics Info: Driver file: pdftex.def on input line 105.
 (/usr/share/texmf-dist/tex/latex/graphics-def/pdftex.def
File: pdftex.def 2018/01/08 v1.0l Graphics/color driver for pdftex
))
\Gin@req@height=\dimen143
\Gin@req@width=\dimen144
) (/usr/share/texmf-dist/tex/latex/l3backend/l3backend-pdfmode.def
File: l3backend-pdfmode.def 2020-06-03 L3 backend support: PDF mode
\l__kernel_color_stack_int=\count178
\l__pdf_internal_box=\box45
) (./main.aux)
LaTeX Font Info:    Checking defaults for OML/cmm/m/it on input line 9.
LaTeX Font Info:    ... okay on input line 9.
LaTeX Font Info:    Checking defaults for OMS/cmsy/m/n on input line 9.
LaTeX Font Info:    ... okay on input line 9.
LaTeX Font Info:    Checking defaults for OT1/cmr/m/n on input line 9.
LaTeX Font Info:    ... okay on input line 9.
LaTeX Font Info:    Checking defaults for T1/cmr/m/n on input line 9.
LaTeX Font Info:    ... okay on input line 9.
LaTeX Font Info:    Checking defaults for TS1/cmr/m/n on input line 9.
LaTeX Font Info:    ... okay on input line 9.
LaTeX Font Info:    Checking defaults for OMX/cmex/m/n on input line 9.
LaTeX Font Info:    ... okay on input line 9.
LaTeX Font Info:    Checking defaults for U/cmr/m/n on input line 9.
LaTeX Font Info:    ... okay on input line 9.

*geometry* driver: auto-detecting
*geometry* detected driver: pdftex
*geometry* verbose mode - [ preamble ] result:
* driver: pdftex
* paper: <default>
* layout: <same size as paper>
* layoutoffset:(h,v)=(0.0pt,0.0pt)
* modes: 
* h-part:(L,W,R)=(42.67912pt, 528.93675pt, 42.67912pt)
* v-part:(T,H,B)=(42.67912pt, 709.61174pt, 42.67912pt)
* \paperwidth=614.295pt
* \paperheight=794.96999pt
* \textwidth=528.93675pt
* \textheight=709.61174pt
* \oddsidemargin=-29.59087pt
* \evensidemargin=-29.59087pt
* \topmargin=-66.59087pt
* \headheight=12.0pt
* \headsep=25.0pt
* \topskip=11.0pt
* \footskip=30.0pt
* \marginparwidth=59.0pt
* \marginparsep=10.0pt
* \columnsep=10.0pt
* \skip\footins=10.0pt plus 4.0pt minus 2.0pt
* \hoffset=0.0pt
* \voffset=0.0pt
* \mag=1000
* \@twocolumnfalse
* \@twosidefalse
* \@mparswitchfalse
* \@reversemarginfalse
* (1in=72.27pt=25.4mm, 1cm=28.453pt)

(/usr/share/texmf-dist/tex/context/base/mkii/supp-pdf.mkii
[Loading MPS to PDF converter (version 2006.09.02).]
\scratchcounter=\count179
\scratchdimen=\dimen145
\scratchbox=\box46
\nofMPsegments=\count180
\nofMParguments=\count181
\everyMPshowfont=\toks17
\MPscratchCnt=\count182
\MPscratchDim=\dimen146
\MPnumerator=\count183
\makeMPintoPDFobject=\count184
\everyMPtoPDFconversion=\toks18
) (/usr/share/texmf-dist/tex/latex/epstopdf-pkg/epstopdf-base.sty
Package: epstopdf-base 2020-01-24 v2.11 Base part for package epstopdf
Package epstopdf-base Info: Redefining graphics rule for `.eps' on input line 485.
 (/usr/share/texmf-dist/tex/latex/latexconfig/epstopdf-sys.cfg
File: epstopdf-sys.cfg 2010/07/13 v1.3 Configuration of (r)epstopdf for TeX Live
))
LaTeX Font Info:    External font `cmex10' loaded for size
(Font)              <10.95> on input line 23.
LaTeX Font Info:    External font `cmex10' loaded for size
(Font)              <8> on input line 23.
LaTeX Font Info:    External font `cmex10' loaded for size
(Font)              <6> on input line 23.
<../figures/joint2.png, id=1, 462.528pt x 346.896pt>
File: ../figures/joint2.png Graphic file (type png)
<use ../figures/joint2.png>
Package pdftex.def Info: ../figures/joint2.png  used on input line 33.
(pdftex.def)             Requested size: 169.26363pt x 126.94681pt.
<../figures/joint3.png, id=3, 462.528pt x 346.896pt>
File: ../figures/joint3.png Graphic file (type png)
<use ../figures/joint3.png>
Package pdftex.def Info: ../figures/joint3.png  used on input line 37.
(pdftex.def)             Requested size: 169.26363pt x 126.94681pt.
<../figures/joint4.png, id=4, 462.528pt x 346.896pt>
File: ../figures/joint4.png Graphic file (type png)
<use ../figures/joint4.png>
Package pdftex.def Info: ../figures/joint4.png  used on input line 41.
(pdftex.def)             Requested size: 169.26363pt x 126.94681pt.
 [1

{/var/lib/texmf/fonts/map/pdftex/updmap/pdftex.map} <../figures/joint2.png> <../figures/joint3.png> <../figures/joint4.png>]
<../figures/est_x_pos.png, id=22, 462.528pt x 346.896pt>
File: ../figures/est_x_pos.png Graphic file (type png)
<use ../figures/est_x_pos.png>
Package pdftex.def Info: ../figures/est_x_pos.png  used on input line 74.
(pdftex.def)             Requested size: 169.26363pt x 126.94681pt.
<../figures/est_y_pos.png, id=23, 462.528pt x 346.896pt>
File: ../figures/est_y_pos.png Graphic file (type png)
<use ../figures/est_y_pos.png>
Package pdftex.def Info: ../figures/est_y_pos.png  used on input line 78.
(pdftex.def)             Requested size: 169.26363pt x 126.94681pt.
<../figures/est_z_pos.png, id=24, 462.528pt x 346.896pt>
File: ../figures/est_z_pos.png Graphic file (type png)
<use ../figures/est_z_pos.png>
Package pdftex.def Info: ../figures/est_z_pos.png  used on input line 82.
(pdftex.def)             Requested size: 169.26363pt x 126.94681pt.
 [2 <../figures/est_x_pos.png> <../figures/est_y_pos.png> <../figures/est_z_pos.png>]
<../figures/joint1.png, id=31, 462.528pt x 346.896pt>
File: ../figures/joint1.png Graphic file (type png)
<use ../figures/joint1.png>
Package pdftex.def Info: ../figures/joint1.png  used on input line 104.
(pdftex.def)             Requested size: 238.01991pt x 178.51845pt.
<../figures/04_joint2.png, id=32, 462.528pt x 346.896pt>
File: ../figures/04_joint2.png Graphic file (type png)
<use ../figures/04_joint2.png>
Package pdftex.def Info: ../figures/04_joint2.png  used on input line 108.
(pdftex.def)             Requested size: 238.01991pt x 178.51845pt.
<../figures/04_joint3.png, id=33, 462.528pt x 346.896pt>
File: ../figures/04_joint3.png Graphic file (type png)
<use ../figures/04_joint3.png>
Package pdftex.def Info: ../figures/04_joint3.png  used on input line 112.
(pdftex.def)             Requested size: 238.01991pt x 178.51845pt.
<../figures/04_joint4.png, id=34, 462.528pt x 346.896pt>
File: ../figures/04_joint4.png Graphic file (type png)
<use ../figures/04_joint4.png>
Package pdftex.def Info: ../figures/04_joint4.png  used on input line 116.
(pdftex.def)             Requested size: 238.01991pt x 178.51845pt.
 [3 <../figures/joint1.png> <../figures/04_joint2.png> <../figures/04_joint3.png> <../figures/04_joint4.png>] (./main.aux) ) 
Here is how much of TeX's memory you used:
 1733 strings out of 480478
 25514 string characters out of 5905958
 270293 words of memory out of 5000000
 17774 multiletter control sequences out of 15000+600000
 536763 words of font info for 39 fonts, out of 8000000 for 9000
 1141 hyphenation exceptions out of 8191
 30i,8n,34p,367b,253s stack positions out of 5000i,500n,10000p,200000b,80000s
</usr/share/texmf-dist/fonts/type1/public/amsfonts/cm/cmbx10.pfb></usr/share/texmf-dist/fonts/type1/public/amsfonts/cm/cmbx12.pfb></usr/share/texmf-dist/fonts/type1/public/amsfonts/cm/cmex10.pfb></usr/share/texmf-dist/fonts/type1/public/amsfonts/cm/cmmi10.pfb></usr/share/texmf-dist/fonts/type1/public/amsfonts/cm/cmmi8.pfb></usr/share/texmf-dist/fonts/type1/public/amsfonts/cm/cmr10.pfb></usr/share/texmf-dist/fonts/type1/public/amsfonts/cm/cmr8.pfb></usr/share/texmf-dist/fonts/type1/public/amsfonts/cm/cmsy10.pfb></usr/share/texmf-dist/fonts/type1/public/amsfonts/cm/cmtt10.pfb>
Output written on main.pdf (3 pages, 332114 bytes).
PDF statistics:
 71 PDF objects out of 1000 (max. 8388607)
 36 compressed objects within 1 object stream
 0 named destinations out of 1000 (max. 500000)
 51 words of extra memory for PDF output out of 10000 (max. 10000000)

